<?xml version="1.0" encoding="UTF-8"?>
<!-- Generated by org.testng.reporters.JUnitReportReporter -->
<testsuite hostname="DESKTOP-QNHJ5Q7" name="logExampleTestNG.NOPCommApp" tests="1" failures="0" timestamp="1 Aug 2023 15:22:59 GMT" time="19.637" errors="0">
  <testcase name="verifyLoginTest" time="19.637" classname="logExampleTestNG.NOPCommApp"/>
</testsuite> <!-- logExampleTestNG.NOPCommApp -->
